{"numFailedTestSuites":1,"numFailedTests":4,"numPassedTestSuites":0,"numPassedTests":0,"numPendingTestSuites":0,"numPendingTests":0,"numRuntimeErrorTestSuites":0,"numTodoTests":0,"numTotalTestSuites":1,"numTotalTests":4,"openHandles":[],"snapshot":{"added":0,"didUpdate":false,"failure":false,"filesAdded":0,"filesRemoved":0,"filesRemovedList":[],"filesUnmatched":0,"filesUpdated":0,"matched":0,"total":0,"unchecked":0,"uncheckedKeysByFile":[],"unmatched":0,"updated":0},"startTime":1749397680473,"success":false,"testResults":[{"assertionResults":[{"ancestorTitles":["API Performance Tests","Auth API Performance"],"duration":1,"failureDetails":[{"message":"Table 'ecommerce_test.users' doesn't exist","code":"ER_NO_SUCH_TABLE","errno":1146,"sql":"INSERT IGNORE INTO users (email, password_hash, name, role) VALUES (?, ?, ?, ?)","sqlState":"42S02","sqlMessage":"Table 'ecommerce_test.users' doesn't exist"}],"failureMessages":["Error: Table 'ecommerce_test.users' doesn't exist\n    at PromiseConnection.execute (/usr/src/app/Test/Performance/node_modules/mysql2/lib/promise/connection.js:47:22)\n    at execute (/usr/src/app/Test/Performance/setup.js:23:24)\n    at Object.<anonymous> (/usr/src/app/Test/Performance/tests/api-performance.test.js:41:5)"],"fullName":"API Performance Tests Auth API Performance POST /auth/login - Login Performance","invocations":1,"location":null,"numPassingAsserts":0,"retryReasons":[],"status":"failed","title":"POST /auth/login - Login Performance"},{"ancestorTitles":["API Performance Tests","Product API Performance"],"duration":0,"failureDetails":[{"message":"Table 'ecommerce_test.users' doesn't exist","code":"ER_NO_SUCH_TABLE","errno":1146,"sql":"INSERT IGNORE INTO users (email, password_hash, name, role) VALUES (?, ?, ?, ?)","sqlState":"42S02","sqlMessage":"Table 'ecommerce_test.users' doesn't exist"}],"failureMessages":["Error: Table 'ecommerce_test.users' doesn't exist\n    at PromiseConnection.execute (/usr/src/app/Test/Performance/node_modules/mysql2/lib/promise/connection.js:47:22)\n    at execute (/usr/src/app/Test/Performance/setup.js:23:24)\n    at Object.<anonymous> (/usr/src/app/Test/Performance/tests/api-performance.test.js:41:5)"],"fullName":"API Performance Tests Product API Performance GET /products - Response Time Test","invocations":1,"location":null,"numPassingAsserts":0,"retryReasons":[],"status":"failed","title":"GET /products - Response Time Test"},{"ancestorTitles":["API Performance Tests","Categories API Performance"],"duration":1,"failureDetails":[{"message":"Table 'ecommerce_test.users' doesn't exist","code":"ER_NO_SUCH_TABLE","errno":1146,"sql":"INSERT IGNORE INTO users (email, password_hash, name, role) VALUES (?, ?, ?, ?)","sqlState":"42S02","sqlMessage":"Table 'ecommerce_test.users' doesn't exist"}],"failureMessages":["Error: Table 'ecommerce_test.users' doesn't exist\n    at PromiseConnection.execute (/usr/src/app/Test/Performance/node_modules/mysql2/lib/promise/connection.js:47:22)\n    at execute (/usr/src/app/Test/Performance/setup.js:23:24)\n    at Object.<anonymous> (/usr/src/app/Test/Performance/tests/api-performance.test.js:41:5)"],"fullName":"API Performance Tests Categories API Performance GET /categories - Categories List Performance","invocations":1,"location":null,"numPassingAsserts":0,"retryReasons":[],"status":"failed","title":"GET /categories - Categories List Performance"},{"ancestorTitles":["API Performance Tests","Load Test - High Concurrency"],"duration":0,"failureDetails":[{"message":"Table 'ecommerce_test.users' doesn't exist","code":"ER_NO_SUCH_TABLE","errno":1146,"sql":"INSERT IGNORE INTO users (email, password_hash, name, role) VALUES (?, ?, ?, ?)","sqlState":"42S02","sqlMessage":"Table 'ecommerce_test.users' doesn't exist"}],"failureMessages":["Error: Table 'ecommerce_test.users' doesn't exist\n    at PromiseConnection.execute (/usr/src/app/Test/Performance/node_modules/mysql2/lib/promise/connection.js:47:22)\n    at execute (/usr/src/app/Test/Performance/setup.js:23:24)\n    at Object.<anonymous> (/usr/src/app/Test/Performance/tests/api-performance.test.js:41:5)"],"fullName":"API Performance Tests Load Test - High Concurrency Mixed API Load Test","invocations":1,"location":null,"numPassingAsserts":0,"retryReasons":[],"status":"failed","title":"Mixed API Load Test"}],"endTime":1749397681800,"message":"\u001b[1m\u001b[31m  \u001b[1m● \u001b[22m\u001b[1mAPI Performance Tests › Auth API Performance › POST /auth/login - Login Performance\u001b[39m\u001b[22m\n\n    Table 'ecommerce_test.users' doesn't exist\n\u001b[2m\u001b[22m\n\u001b[2m    \u001b[0m \u001b[90m 21 |\u001b[39m     \u001b[36mfor\u001b[39m (\u001b[36mconst\u001b[39m [role\u001b[33m,\u001b[39m user] \u001b[36mof\u001b[39m \u001b[33mObject\u001b[39m\u001b[33m.\u001b[39mentries(config\u001b[33m.\u001b[39mtestUsers)) {\u001b[22m\n\u001b[2m     \u001b[90m 22 |\u001b[39m       \u001b[36mconst\u001b[39m hashedPassword \u001b[33m=\u001b[39m \u001b[36mawait\u001b[39m bcrypt\u001b[33m.\u001b[39mhash(user\u001b[33m.\u001b[39mpassword\u001b[33m,\u001b[39m \u001b[35m10\u001b[39m)\u001b[33m;\u001b[39m\u001b[22m\n\u001b[2m    \u001b[31m\u001b[1m>\u001b[22m\u001b[2m\u001b[39m\u001b[90m 23 |\u001b[39m       \u001b[36mawait\u001b[39m connection\u001b[33m.\u001b[39mexecute(\u001b[22m\n\u001b[2m     \u001b[90m    |\u001b[39m                        \u001b[31m\u001b[1m^\u001b[22m\u001b[2m\u001b[39m\u001b[22m\n\u001b[2m     \u001b[90m 24 |\u001b[39m         \u001b[32m'INSERT IGNORE INTO users (email, password_hash, name, role) VALUES (?, ?, ?, ?)'\u001b[39m\u001b[33m,\u001b[39m\u001b[22m\n\u001b[2m     \u001b[90m 25 |\u001b[39m         [user\u001b[33m.\u001b[39memail\u001b[33m,\u001b[39m hashedPassword\u001b[33m,\u001b[39m user\u001b[33m.\u001b[39mname\u001b[33m,\u001b[39m role]\u001b[22m\n\u001b[2m     \u001b[90m 26 |\u001b[39m       )\u001b[33m;\u001b[39m\u001b[0m\u001b[22m\n\u001b[2m\u001b[22m\n\u001b[2m      \u001b[2mat PromiseConnection.execute (\u001b[22m\u001b[2mnode_modules/mysql2/lib/promise/connection.js\u001b[2m:47:22)\u001b[22m\u001b[2m\u001b[22m\n\u001b[2m      \u001b[2mat execute (\u001b[22m\u001b[2msetup.js\u001b[2m:23:24)\u001b[22m\u001b[2m\u001b[22m\n\u001b[2m      \u001b[2mat Object.<anonymous> (\u001b[22m\u001b[2m\u001b[0m\u001b[36mtests/api-performance.test.js\u001b[39m\u001b[0m\u001b[2m:41:5)\u001b[22m\u001b[2m\u001b[22m\n\n\u001b[1m\u001b[31m  \u001b[1m● \u001b[22m\u001b[1mAPI Performance Tests › Product API Performance › GET /products - Response Time Test\u001b[39m\u001b[22m\n\n    Table 'ecommerce_test.users' doesn't exist\n\u001b[2m\u001b[22m\n\u001b[2m    \u001b[0m \u001b[90m 21 |\u001b[39m     \u001b[36mfor\u001b[39m (\u001b[36mconst\u001b[39m [role\u001b[33m,\u001b[39m user] \u001b[36mof\u001b[39m \u001b[33mObject\u001b[39m\u001b[33m.\u001b[39mentries(config\u001b[33m.\u001b[39mtestUsers)) {\u001b[22m\n\u001b[2m     \u001b[90m 22 |\u001b[39m       \u001b[36mconst\u001b[39m hashedPassword \u001b[33m=\u001b[39m \u001b[36mawait\u001b[39m bcrypt\u001b[33m.\u001b[39mhash(user\u001b[33m.\u001b[39mpassword\u001b[33m,\u001b[39m \u001b[35m10\u001b[39m)\u001b[33m;\u001b[39m\u001b[22m\n\u001b[2m    \u001b[31m\u001b[1m>\u001b[22m\u001b[2m\u001b[39m\u001b[90m 23 |\u001b[39m       \u001b[36mawait\u001b[39m connection\u001b[33m.\u001b[39mexecute(\u001b[22m\n\u001b[2m     \u001b[90m    |\u001b[39m                        \u001b[31m\u001b[1m^\u001b[22m\u001b[2m\u001b[39m\u001b[22m\n\u001b[2m     \u001b[90m 24 |\u001b[39m         \u001b[32m'INSERT IGNORE INTO users (email, password_hash, name, role) VALUES (?, ?, ?, ?)'\u001b[39m\u001b[33m,\u001b[39m\u001b[22m\n\u001b[2m     \u001b[90m 25 |\u001b[39m         [user\u001b[33m.\u001b[39memail\u001b[33m,\u001b[39m hashedPassword\u001b[33m,\u001b[39m user\u001b[33m.\u001b[39mname\u001b[33m,\u001b[39m role]\u001b[22m\n\u001b[2m     \u001b[90m 26 |\u001b[39m       )\u001b[33m;\u001b[39m\u001b[0m\u001b[22m\n\u001b[2m\u001b[22m\n\u001b[2m      \u001b[2mat PromiseConnection.execute (\u001b[22m\u001b[2mnode_modules/mysql2/lib/promise/connection.js\u001b[2m:47:22)\u001b[22m\u001b[2m\u001b[22m\n\u001b[2m      \u001b[2mat execute (\u001b[22m\u001b[2msetup.js\u001b[2m:23:24)\u001b[22m\u001b[2m\u001b[22m\n\u001b[2m      \u001b[2mat Object.<anonymous> (\u001b[22m\u001b[2m\u001b[0m\u001b[36mtests/api-performance.test.js\u001b[39m\u001b[0m\u001b[2m:41:5)\u001b[22m\u001b[2m\u001b[22m\n\n\u001b[1m\u001b[31m  \u001b[1m● \u001b[22m\u001b[1mAPI Performance Tests › Categories API Performance › GET /categories - Categories List Performance\u001b[39m\u001b[22m\n\n    Table 'ecommerce_test.users' doesn't exist\n\u001b[2m\u001b[22m\n\u001b[2m    \u001b[0m \u001b[90m 21 |\u001b[39m     \u001b[36mfor\u001b[39m (\u001b[36mconst\u001b[39m [role\u001b[33m,\u001b[39m user] \u001b[36mof\u001b[39m \u001b[33mObject\u001b[39m\u001b[33m.\u001b[39mentries(config\u001b[33m.\u001b[39mtestUsers)) {\u001b[22m\n\u001b[2m     \u001b[90m 22 |\u001b[39m       \u001b[36mconst\u001b[39m hashedPassword \u001b[33m=\u001b[39m \u001b[36mawait\u001b[39m bcrypt\u001b[33m.\u001b[39mhash(user\u001b[33m.\u001b[39mpassword\u001b[33m,\u001b[39m \u001b[35m10\u001b[39m)\u001b[33m;\u001b[39m\u001b[22m\n\u001b[2m    \u001b[31m\u001b[1m>\u001b[22m\u001b[2m\u001b[39m\u001b[90m 23 |\u001b[39m       \u001b[36mawait\u001b[39m connection\u001b[33m.\u001b[39mexecute(\u001b[22m\n\u001b[2m     \u001b[90m    |\u001b[39m                        \u001b[31m\u001b[1m^\u001b[22m\u001b[2m\u001b[39m\u001b[22m\n\u001b[2m     \u001b[90m 24 |\u001b[39m         \u001b[32m'INSERT IGNORE INTO users (email, password_hash, name, role) VALUES (?, ?, ?, ?)'\u001b[39m\u001b[33m,\u001b[39m\u001b[22m\n\u001b[2m     \u001b[90m 25 |\u001b[39m         [user\u001b[33m.\u001b[39memail\u001b[33m,\u001b[39m hashedPassword\u001b[33m,\u001b[39m user\u001b[33m.\u001b[39mname\u001b[33m,\u001b[39m role]\u001b[22m\n\u001b[2m     \u001b[90m 26 |\u001b[39m       )\u001b[33m;\u001b[39m\u001b[0m\u001b[22m\n\u001b[2m\u001b[22m\n\u001b[2m      \u001b[2mat PromiseConnection.execute (\u001b[22m\u001b[2mnode_modules/mysql2/lib/promise/connection.js\u001b[2m:47:22)\u001b[22m\u001b[2m\u001b[22m\n\u001b[2m      \u001b[2mat execute (\u001b[22m\u001b[2msetup.js\u001b[2m:23:24)\u001b[22m\u001b[2m\u001b[22m\n\u001b[2m      \u001b[2mat Object.<anonymous> (\u001b[22m\u001b[2m\u001b[0m\u001b[36mtests/api-performance.test.js\u001b[39m\u001b[0m\u001b[2m:41:5)\u001b[22m\u001b[2m\u001b[22m\n\n\u001b[1m\u001b[31m  \u001b[1m● \u001b[22m\u001b[1mAPI Performance Tests › Load Test - High Concurrency › Mixed API Load Test\u001b[39m\u001b[22m\n\n    Table 'ecommerce_test.users' doesn't exist\n\u001b[2m\u001b[22m\n\u001b[2m    \u001b[0m \u001b[90m 21 |\u001b[39m     \u001b[36mfor\u001b[39m (\u001b[36mconst\u001b[39m [role\u001b[33m,\u001b[39m user] \u001b[36mof\u001b[39m \u001b[33mObject\u001b[39m\u001b[33m.\u001b[39mentries(config\u001b[33m.\u001b[39mtestUsers)) {\u001b[22m\n\u001b[2m     \u001b[90m 22 |\u001b[39m       \u001b[36mconst\u001b[39m hashedPassword \u001b[33m=\u001b[39m \u001b[36mawait\u001b[39m bcrypt\u001b[33m.\u001b[39mhash(user\u001b[33m.\u001b[39mpassword\u001b[33m,\u001b[39m \u001b[35m10\u001b[39m)\u001b[33m;\u001b[39m\u001b[22m\n\u001b[2m    \u001b[31m\u001b[1m>\u001b[22m\u001b[2m\u001b[39m\u001b[90m 23 |\u001b[39m       \u001b[36mawait\u001b[39m connection\u001b[33m.\u001b[39mexecute(\u001b[22m\n\u001b[2m     \u001b[90m    |\u001b[39m                        \u001b[31m\u001b[1m^\u001b[22m\u001b[2m\u001b[39m\u001b[22m\n\u001b[2m     \u001b[90m 24 |\u001b[39m         \u001b[32m'INSERT IGNORE INTO users (email, password_hash, name, role) VALUES (?, ?, ?, ?)'\u001b[39m\u001b[33m,\u001b[39m\u001b[22m\n\u001b[2m     \u001b[90m 25 |\u001b[39m         [user\u001b[33m.\u001b[39memail\u001b[33m,\u001b[39m hashedPassword\u001b[33m,\u001b[39m user\u001b[33m.\u001b[39mname\u001b[33m,\u001b[39m role]\u001b[22m\n\u001b[2m     \u001b[90m 26 |\u001b[39m       )\u001b[33m;\u001b[39m\u001b[0m\u001b[22m\n\u001b[2m\u001b[22m\n\u001b[2m      \u001b[2mat PromiseConnection.execute (\u001b[22m\u001b[2mnode_modules/mysql2/lib/promise/connection.js\u001b[2m:47:22)\u001b[22m\u001b[2m\u001b[22m\n\u001b[2m      \u001b[2mat execute (\u001b[22m\u001b[2msetup.js\u001b[2m:23:24)\u001b[22m\u001b[2m\u001b[22m\n\u001b[2m      \u001b[2mat Object.<anonymous> (\u001b[22m\u001b[2m\u001b[0m\u001b[36mtests/api-performance.test.js\u001b[39m\u001b[0m\u001b[2m:41:5)\u001b[22m\u001b[2m\u001b[22m\n","name":"/usr/src/app/Test/Performance/tests/api-performance.test.js","startTime":1749397680529,"status":"failed","summary":""}],"wasInterrupted":false}
