{"numFailedTestSuites":1,"numFailedTests":0,"numPassedTestSuites":0,"numPassedTests":0,"numPendingTestSuites":0,"numPendingTests":0,"numRuntimeErrorTestSuites":1,"numTodoTests":0,"numTotalTestSuites":1,"numTotalTests":0,"openHandles":[],"snapshot":{"added":0,"didUpdate":false,"failure":false,"filesAdded":0,"filesRemoved":0,"filesRemovedList":[],"filesUnmatched":0,"filesUpdated":0,"matched":0,"total":0,"unchecked":0,"uncheckedKeysByFile":[],"unmatched":0,"updated":0},"startTime":1749383934237,"success":false,"testResults":[{"assertionResults":[],"coverage":{},"endTime":1749383935075,"message":"  \u001b[1m● \u001b[22mTest suite failed to run\n\n    Cannot find module 'axios' from 'tests/api-performance.test.js'\n\n    \u001b[0m\u001b[31m\u001b[1m>\u001b[22m\u001b[39m\u001b[90m 1 |\u001b[39m \u001b[36mconst\u001b[39m axios \u001b[33m=\u001b[39m require(\u001b[32m'axios'\u001b[39m)\u001b[33m;\u001b[39m\n     \u001b[90m   |\u001b[39m                               \u001b[31m\u001b[1m^\u001b[22m\u001b[39m\n     \u001b[90m 2 |\u001b[39m \u001b[36mconst\u001b[39m config \u001b[33m=\u001b[39m require(\u001b[32m'../config'\u001b[39m)\u001b[33m;\u001b[39m\n     \u001b[90m 3 |\u001b[39m \u001b[36mconst\u001b[39m setupTestData \u001b[33m=\u001b[39m require(\u001b[32m'../setup'\u001b[39m)\u001b[33m;\u001b[39m\n     \u001b[90m 4 |\u001b[39m\u001b[0m\n\n      \u001b[2mat Resolver._throwModNotFoundError (\u001b[22m../../../../../root/.npm/_npx/b8d86e6551a4f492/node_modules/jest-resolve/build/resolver.js\u001b[2m:427:11)\u001b[22m\n      \u001b[2mat Object.<anonymous> (\u001b[22m\u001b[0m\u001b[36mtests/api-performance.test.js\u001b[39m\u001b[0m\u001b[2m:1:31)\u001b[22m\n","name":"/usr/src/app/Test/Performance/tests/api-performance.test.js","startTime":1749383935075,"status":"failed","summary":""}],"wasInterrupted":false}
