{"numFailedTestSuites":10,"numFailedTests":0,"numPassedTestSuites":0,"numPassedTests":0,"numPendingTestSuites":0,"numPendingTests":0,"numRuntimeErrorTestSuites":10,"numTodoTests":0,"numTotalTestSuites":10,"numTotalTests":0,"openHandles":[],"snapshot":{"added":0,"didUpdate":false,"failure":false,"filesAdded":0,"filesRemoved":0,"filesRemovedList":[],"filesUnmatched":0,"filesUpdated":0,"matched":0,"total":0,"unchecked":0,"uncheckedKeysByFile":[],"unmatched":0,"updated":0},"startTime":1749384961472,"success":false,"testResults":[{"assertionResults":[],"coverage":{},"endTime":1749384962733,"message":"  ● Test suite failed to run\n\n    Cannot find module 'chai' from 'jest.setup.js'\n\n      2 |\n      3 | // Importiamo chai per compatibilità con i test esistenti\n    > 4 | const chai = require('chai');\n        |              ^\n      5 | global.expect = chai.expect;\n      6 |\n      7 | // Alias per le funzioni di test per compatibilità con Mocha\n\n      at Resolver._throwModNotFoundError (../../../../local/lib/node_modules/jest/node_modules/jest-resolve/build/resolver.js:427:11)\n      at Object.require (jest.setup.js:4:14)\n","name":"/usr/src/app/Test/Backend-Unitari/tests/routes/orders.test.js","startTime":1749384962733,"status":"failed","summary":""},{"assertionResults":[],"coverage":{},"endTime":1749384962733,"message":"  ● Test suite failed to run\n\n    Cannot find module 'chai' from 'jest.setup.js'\n\n      2 |\n      3 | // Importiamo chai per compatibilità con i test esistenti\n    > 4 | const chai = require('chai');\n        |              ^\n      5 | global.expect = chai.expect;\n      6 |\n      7 | // Alias per le funzioni di test per compatibilità con Mocha\n\n      at Resolver._throwModNotFoundError (../../../../local/lib/node_modules/jest/node_modules/jest-resolve/build/resolver.js:427:11)\n      at Object.require (jest.setup.js:4:14)\n","name":"/usr/src/app/Test/Backend-Unitari/tests/routes/users.test.js","startTime":1749384962733,"status":"failed","summary":""},{"assertionResults":[],"coverage":{},"endTime":1749384962733,"message":"  ● Test suite failed to run\n\n    Cannot find module 'chai' from 'jest.setup.js'\n\n      2 |\n      3 | // Importiamo chai per compatibilità con i test esistenti\n    > 4 | const chai = require('chai');\n        |              ^\n      5 | global.expect = chai.expect;\n      6 |\n      7 | // Alias per le funzioni di test per compatibilità con Mocha\n\n      at Resolver._throwModNotFoundError (../../../../local/lib/node_modules/jest/node_modules/jest-resolve/build/resolver.js:427:11)\n      at Object.require (jest.setup.js:4:14)\n","name":"/usr/src/app/Test/Backend-Unitari/tests/routes/cart.test.js","startTime":1749384962733,"status":"failed","summary":""},{"assertionResults":[],"coverage":{},"endTime":1749384962733,"message":"  ● Test suite failed to run\n\n    Cannot find module 'chai' from 'jest.setup.js'\n\n      2 |\n      3 | // Importiamo chai per compatibilità con i test esistenti\n    > 4 | const chai = require('chai');\n        |              ^\n      5 | global.expect = chai.expect;\n      6 |\n      7 | // Alias per le funzioni di test per compatibilità con Mocha\n\n      at Resolver._throwModNotFoundError (../../../../local/lib/node_modules/jest/node_modules/jest-resolve/build/resolver.js:427:11)\n      at Object.require (jest.setup.js:4:14)\n","name":"/usr/src/app/Test/Backend-Unitari/tests/routes/categories.test.js","startTime":1749384962733,"status":"failed","summary":""},{"assertionResults":[],"coverage":{},"endTime":1749384962733,"message":"  ● Test suite failed to run\n\n    Cannot find module 'chai' from 'jest.setup.js'\n\n      2 |\n      3 | // Importiamo chai per compatibilità con i test esistenti\n    > 4 | const chai = require('chai');\n        |              ^\n      5 | global.expect = chai.expect;\n      6 |\n      7 | // Alias per le funzioni di test per compatibilità con Mocha\n\n      at Resolver._throwModNotFoundError (../../../../local/lib/node_modules/jest/node_modules/jest-resolve/build/resolver.js:427:11)\n      at Object.require (jest.setup.js:4:14)\n","name":"/usr/src/app/Test/Backend-Unitari/tests/routes/images.test.js","startTime":1749384962733,"status":"failed","summary":""},{"assertionResults":[],"coverage":{},"endTime":1749384962733,"message":"  ● Test suite failed to run\n\n    Cannot find module 'chai' from 'jest.setup.js'\n\n      2 |\n      3 | // Importiamo chai per compatibilità con i test esistenti\n    > 4 | const chai = require('chai');\n        |              ^\n      5 | global.expect = chai.expect;\n      6 |\n      7 | // Alias per le funzioni di test per compatibilità con Mocha\n\n      at Resolver._throwModNotFoundError (../../../../local/lib/node_modules/jest/node_modules/jest-resolve/build/resolver.js:427:11)\n      at Object.require (jest.setup.js:4:14)\n","name":"/usr/src/app/Test/Backend-Unitari/tests/routes/products.test.js","startTime":1749384962733,"status":"failed","summary":""},{"assertionResults":[],"coverage":{},"endTime":1749384962733,"message":"  ● Test suite failed to run\n\n    Cannot find module 'chai' from 'jest.setup.js'\n\n      2 |\n      3 | // Importiamo chai per compatibilità con i test esistenti\n    > 4 | const chai = require('chai');\n        |              ^\n      5 | global.expect = chai.expect;\n      6 |\n      7 | // Alias per le funzioni di test per compatibilità con Mocha\n\n      at Resolver._throwModNotFoundError (../../../../local/lib/node_modules/jest/node_modules/jest-resolve/build/resolver.js:427:11)\n      at Object.require (jest.setup.js:4:14)\n","name":"/usr/src/app/Test/Backend-Unitari/tests/routes/address.test.js","startTime":1749384962733,"status":"failed","summary":""},{"assertionResults":[],"coverage":{},"endTime":1749384962733,"message":"  ● Test suite failed to run\n\n    Cannot find module 'chai' from 'jest.setup.js'\n\n      2 |\n      3 | // Importiamo chai per compatibilità con i test esistenti\n    > 4 | const chai = require('chai');\n        |              ^\n      5 | global.expect = chai.expect;\n      6 |\n      7 | // Alias per le funzioni di test per compatibilità con Mocha\n\n      at Resolver._throwModNotFoundError (../../../../local/lib/node_modules/jest/node_modules/jest-resolve/build/resolver.js:427:11)\n      at Object.require (jest.setup.js:4:14)\n","name":"/usr/src/app/Test/Backend-Unitari/tests/routes/auth.test.js","startTime":1749384962733,"status":"failed","summary":""},{"assertionResults":[],"coverage":{},"endTime":1749384962733,"message":"  ● Test suite failed to run\n\n    Cannot find module 'chai' from 'jest.setup.js'\n\n      2 |\n      3 | // Importiamo chai per compatibilità con i test esistenti\n    > 4 | const chai = require('chai');\n        |              ^\n      5 | global.expect = chai.expect;\n      6 |\n      7 | // Alias per le funzioni di test per compatibilità con Mocha\n\n      at Resolver._throwModNotFoundError (../../../../local/lib/node_modules/jest/node_modules/jest-resolve/build/resolver.js:427:11)\n      at Object.require (jest.setup.js:4:14)\n","name":"/usr/src/app/Test/Backend-Unitari/tests/routes/issue.test.js","startTime":1749384962733,"status":"failed","summary":""},{"assertionResults":[],"coverage":{},"endTime":1749384962733,"message":"  ● Test suite failed to run\n\n    Cannot find module 'chai' from 'jest.setup.js'\n\n      2 |\n      3 | // Importiamo chai per compatibilità con i test esistenti\n    > 4 | const chai = require('chai');\n        |              ^\n      5 | global.expect = chai.expect;\n      6 |\n      7 | // Alias per le funzioni di test per compatibilità con Mocha\n\n      at Resolver._throwModNotFoundError (../../../../local/lib/node_modules/jest/node_modules/jest-resolve/build/resolver.js:427:11)\n      at Object.require (jest.setup.js:4:14)\n","name":"/usr/src/app/Test/Backend-Unitari/tests/base.test.js","startTime":1749384962733,"status":"failed","summary":""}],"wasInterrupted":false}
