{
    "numFailedTestSuites": 0,
    "numFailedTests": 0,
    "numPassedTestSuites": 7,
    "numPassedTests": 43,
    "numPendingTestSuites": 0,
    "numPendingTests": 0,
    "numRuntimeErrorTestSuites": 0,
    "numTodoTests": 0,
    "numTotalTestSuites": 7,
    "numTotalTests": 43,
    "openHandles": [],
    "snapshot": {
        "added": 0,
        "didUpdate": false,
        "failure": false,
        "filesAdded": 0,
        "filesRemoved": 0,
        "filesRemovedList": [],
        "filesUnmatched": 0,
        "filesUpdated": 0,
        "matched": 0,
        "total": 0,
        "unchecked": 0,
        "uncheckedKeysByFile": [],
        "unmatched": 0,
        "updated": 0
    },
    "startTime": 1748469764950,
    "success": true,
    "testResults": [
        {
            "assertionResults": [
                {
                    "ancestorTitles": [
                        "fetchWithAuth"
                    ],
                    "duration": 16,
                    "failureDetails": [],
                    "failureMessages": [],
                    "fullName": "fetchWithAuth dovrebbe chiamare fetch con i parametri corretti",
                    "invocations": 1,
                    "location": null,
                    "numPassingAsserts": 1,
                    "retryReasons": [],
                    "status": "passed",
                    "title": "dovrebbe chiamare fetch con i parametri corretti"
                },
                {
                    "ancestorTitles": [
                        "fetchWithAuth"
                    ],
                    "duration": 13,
                    "failureDetails": [],
                    "failureMessages": [],
                    "fullName": "fetchWithAuth dovrebbe gestire correttamente una risposta con status 401",
                    "invocations": 1,
                    "location": null,
                    "numPassingAsserts": 4,
                    "retryReasons": [],
                    "status": "passed",
                    "title": "dovrebbe gestire correttamente una risposta con status 401"
                },
                {
                    "ancestorTitles": [
                        "fetchWithAuth"
                    ],
                    "duration": 3,
                    "failureDetails": [],
                    "failureMessages": [],
                    "fullName": "fetchWithAuth dovrebbe restituire la risposta per status code diversi da 401",
                    "invocations": 1,
                    "location": null,
                    "numPassingAsserts": 4,
                    "retryReasons": [],
                    "status": "passed",
                    "title": "dovrebbe restituire la risposta per status code diversi da 401"
                },
                {
                    "ancestorTitles": [
                        "fetchWithAuth"
                    ],
                    "duration": 6,
                    "failureDetails": [],
                    "failureMessages": [],
                    "fullName": "fetchWithAuth dovrebbe gestire correttamente errori di rete",
                    "invocations": 1,
                    "location": null,
                    "numPassingAsserts": 2,
                    "retryReasons": [],
                    "status": "passed",
                    "title": "dovrebbe gestire correttamente errori di rete"
                }
            ],
            "endTime": 1748469768631,
            "message": "",
            "name": "D:\\File\\Scuola\\Universita\\Terzo Anno\\Tecnologie Innovative per lo sviluppo Web\\ecommerce\\Test\\Frontend\\tests\\fetchWithAuth.test.js",
            "startTime": 1748469766989,
            "status": "passed",
            "summary": ""
        },
        {
            "assertionResults": [
                {
                    "ancestorTitles": [
                        "AuthService",
                        "login"
                    ],
                    "duration": 16,
                    "failureDetails": [],
                    "failureMessages": [],
                    "fullName": "AuthService login dovrebbe effettuare il login con successo e salvare i dati di autenticazione",
                    "invocations": 1,
                    "location": null,
                    "numPassingAsserts": 4,
                    "retryReasons": [],
                    "status": "passed",
                    "title": "dovrebbe effettuare il login con successo e salvare i dati di autenticazione"
                },
                {
                    "ancestorTitles": [
                        "AuthService",
                        "login"
                    ],
                    "duration": 21,
                    "failureDetails": [],
                    "failureMessages": [],
                    "fullName": "AuthService login dovrebbe gestire errori durante il login",
                    "invocations": 1,
                    "location": null,
                    "numPassingAsserts": 1,
                    "retryReasons": [],
                    "status": "passed",
                    "title": "dovrebbe gestire errori durante il login"
                },
                {
                    "ancestorTitles": [
                        "AuthService",
                        "logout"
                    ],
                    "duration": 3,
                    "failureDetails": [],
                    "failureMessages": [],
                    "fullName": "AuthService logout dovrebbe eliminare i dati di autenticazione dal localStorage",
                    "invocations": 1,
                    "location": null,
                    "numPassingAsserts": 2,
                    "retryReasons": [],
                    "status": "passed",
                    "title": "dovrebbe eliminare i dati di autenticazione dal localStorage"
                },
                {
                    "ancestorTitles": [
                        "AuthService",
                        "getProfile"
                    ],
                    "duration": 3,
                    "failureDetails": [],
                    "failureMessages": [],
                    "fullName": "AuthService getProfile dovrebbe recuperare il profilo utente e aggiornare i dati nel localStorage",
                    "invocations": 1,
                    "location": null,
                    "numPassingAsserts": 3,
                    "retryReasons": [],
                    "status": "passed",
                    "title": "dovrebbe recuperare il profilo utente e aggiornare i dati nel localStorage"
                },
                {
                    "ancestorTitles": [
                        "AuthService",
                        "getProfile"
                    ],
                    "duration": 1,
                    "failureDetails": [],
                    "failureMessages": [],
                    "fullName": "AuthService getProfile dovrebbe lanciare un errore se l'utente non è autenticato",
                    "invocations": 1,
                    "location": null,
                    "numPassingAsserts": 1,
                    "retryReasons": [],
                    "status": "passed",
                    "title": "dovrebbe lanciare un errore se l'utente non è autenticato"
                },
                {
                    "ancestorTitles": [
                        "AuthService",
                        "isAuthenticated"
                    ],
                    "duration": 0,
                    "failureDetails": [],
                    "failureMessages": [],
                    "fullName": "AuthService isAuthenticated dovrebbe restituire true se è presente un token",
                    "invocations": 1,
                    "location": null,
                    "numPassingAsserts": 1,
                    "retryReasons": [],
                    "status": "passed",
                    "title": "dovrebbe restituire true se è presente un token"
                },
                {
                    "ancestorTitles": [
                        "AuthService",
                        "isAuthenticated"
                    ],
                    "duration": 1,
                    "failureDetails": [],
                    "failureMessages": [],
                    "fullName": "AuthService isAuthenticated dovrebbe restituire false se non è presente un token",
                    "invocations": 1,
                    "location": null,
                    "numPassingAsserts": 1,
                    "retryReasons": [],
                    "status": "passed",
                    "title": "dovrebbe restituire false se non è presente un token"
                },
                {
                    "ancestorTitles": [
                        "AuthService",
                        "hasRole"
                    ],
                    "duration": 1,
                    "failureDetails": [],
                    "failureMessages": [],
                    "fullName": "AuthService hasRole dovrebbe restituire true se l'utente ha il ruolo specificato",
                    "invocations": 1,
                    "location": null,
                    "numPassingAsserts": 1,
                    "retryReasons": [],
                    "status": "passed",
                    "title": "dovrebbe restituire true se l'utente ha il ruolo specificato"
                },
                {
                    "ancestorTitles": [
                        "AuthService",
                        "hasRole"
                    ],
                    "duration": 1,
                    "failureDetails": [],
                    "failureMessages": [],
                    "fullName": "AuthService hasRole dovrebbe restituire true se l'utente ha uno dei ruoli specificati nell'array",
                    "invocations": 1,
                    "location": null,
                    "numPassingAsserts": 1,
                    "retryReasons": [],
                    "status": "passed",
                    "title": "dovrebbe restituire true se l'utente ha uno dei ruoli specificati nell'array"
                },
                {
                    "ancestorTitles": [
                        "AuthService",
                        "hasRole"
                    ],
                    "duration": 1,
                    "failureDetails": [],
                    "failureMessages": [],
                    "fullName": "AuthService hasRole dovrebbe restituire false se l'utente non ha il ruolo specificato",
                    "invocations": 1,
                    "location": null,
                    "numPassingAsserts": 1,
                    "retryReasons": [],
                    "status": "passed",
                    "title": "dovrebbe restituire false se l'utente non ha il ruolo specificato"
                },
                {
                    "ancestorTitles": [
                        "AuthService",
                        "hasRole"
                    ],
                    "duration": 2,
                    "failureDetails": [],
                    "failureMessages": [],
                    "fullName": "AuthService hasRole dovrebbe restituire false se non c'è un utente loggato",
                    "invocations": 1,
                    "location": null,
                    "numPassingAsserts": 1,
                    "retryReasons": [],
                    "status": "passed",
                    "title": "dovrebbe restituire false se non c'è un utente loggato"
                }
            ],
            "endTime": 1748469768670,
            "message": "",
            "name": "D:\\File\\Scuola\\Universita\\Terzo Anno\\Tecnologie Innovative per lo sviluppo Web\\ecommerce\\Test\\Frontend\\tests\\authService.test.js",
            "startTime": 1748469766995,
            "status": "passed",
            "summary": ""
        },
        {
            "assertionResults": [
                {
                    "ancestorTitles": [
                        "Integrazione Frontend"
                    ],
                    "duration": 24,
                    "failureDetails": [],
                    "failureMessages": [],
                    "fullName": "Integrazione Frontend flusso completo: login, navigazione, visualizzazione prodotti e checkout",
                    "invocations": 1,
                    "location": null,
                    "numPassingAsserts": 15,
                    "retryReasons": [],
                    "status": "passed",
                    "title": "flusso completo: login, navigazione, visualizzazione prodotti e checkout"
                },
                {
                    "ancestorTitles": [
                        "Integrazione Frontend"
                    ],
                    "duration": 4,
                    "failureDetails": [],
                    "failureMessages": [],
                    "fullName": "Integrazione Frontend flusso per utente artigiano: login, accesso dashboard e gestione prodotti",
                    "invocations": 1,
                    "location": null,
                    "numPassingAsserts": 10,
                    "retryReasons": [],
                    "status": "passed",
                    "title": "flusso per utente artigiano: login, accesso dashboard e gestione prodotti"
                }
            ],
            "endTime": 1748469768682,
            "message": "",
            "name": "D:\\File\\Scuola\\Universita\\Terzo Anno\\Tecnologie Innovative per lo sviluppo Web\\ecommerce\\Test\\Frontend\\tests\\integration.test.js",
            "startTime": 1748469767063,
            "status": "passed",
            "summary": ""
        },
        {
            "assertionResults": [
                {
                    "ancestorTitles": [
                        "ApiService",
                        "login"
                    ],
                    "duration": 32,
                    "failureDetails": [],
                    "failureMessages": [],
                    "fullName": "ApiService login dovrebbe effettuare il login con successo",
                    "invocations": 1,
                    "location": null,
                    "numPassingAsserts": 2,
                    "retryReasons": [],
                    "status": "passed",
                    "title": "dovrebbe effettuare il login con successo"
                },
                {
                    "ancestorTitles": [
                        "ApiService",
                        "login"
                    ],
                    "duration": 16,
                    "failureDetails": [],
                    "failureMessages": [],
                    "fullName": "ApiService login dovrebbe gestire errori durante il login",
                    "invocations": 1,
                    "location": null,
                    "numPassingAsserts": 1,
                    "retryReasons": [],
                    "status": "passed",
                    "title": "dovrebbe gestire errori durante il login"
                },
                {
                    "ancestorTitles": [
                        "ApiService",
                        "getProfile"
                    ],
                    "duration": 2,
                    "failureDetails": [],
                    "failureMessages": [],
                    "fullName": "ApiService getProfile dovrebbe recuperare il profilo utente",
                    "invocations": 1,
                    "location": null,
                    "numPassingAsserts": 2,
                    "retryReasons": [],
                    "status": "passed",
                    "title": "dovrebbe recuperare il profilo utente"
                },
                {
                    "ancestorTitles": [
                        "ApiService",
                        "getProfile"
                    ],
                    "duration": 1,
                    "failureDetails": [],
                    "failureMessages": [],
                    "fullName": "ApiService getProfile dovrebbe gestire errori durante il recupero del profilo",
                    "invocations": 1,
                    "location": null,
                    "numPassingAsserts": 1,
                    "retryReasons": [],
                    "status": "passed",
                    "title": "dovrebbe gestire errori durante il recupero del profilo"
                },
                {
                    "ancestorTitles": [
                        "ApiService",
                        "getAddress"
                    ],
                    "duration": 1,
                    "failureDetails": [],
                    "failureMessages": [],
                    "fullName": "ApiService getAddress dovrebbe recuperare l'indirizzo dell'utente",
                    "invocations": 1,
                    "location": null,
                    "numPassingAsserts": 2,
                    "retryReasons": [],
                    "status": "passed",
                    "title": "dovrebbe recuperare l'indirizzo dell'utente"
                },
                {
                    "ancestorTitles": [
                        "ApiService",
                        "saveAddress"
                    ],
                    "duration": 2,
                    "failureDetails": [],
                    "failureMessages": [],
                    "fullName": "ApiService saveAddress dovrebbe salvare l'indirizzo dell'utente",
                    "invocations": 1,
                    "location": null,
                    "numPassingAsserts": 2,
                    "retryReasons": [],
                    "status": "passed",
                    "title": "dovrebbe salvare l'indirizzo dell'utente"
                }
            ],
            "endTime": 1748469768748,
            "message": "",
            "name": "D:\\File\\Scuola\\Universita\\Terzo Anno\\Tecnologie Innovative per lo sviluppo Web\\ecommerce\\Test\\Frontend\\tests\\api.test.js",
            "startTime": 1748469767073,
            "status": "passed",
            "summary": ""
        },
        {
            "assertionResults": [
                {
                    "ancestorTitles": [
                        "Test Frontend di Base"
                    ],
                    "duration": 9,
                    "failureDetails": [],
                    "failureMessages": [],
                    "fullName": "Test Frontend di Base dovrebbe passare un test di esempio",
                    "invocations": 1,
                    "location": null,
                    "numPassingAsserts": 1,
                    "retryReasons": [],
                    "status": "passed",
                    "title": "dovrebbe passare un test di esempio"
                },
                {
                    "ancestorTitles": [
                        "Test Frontend di Base"
                    ],
                    "duration": 1,
                    "failureDetails": [],
                    "failureMessages": [],
                    "fullName": "Test Frontend di Base dovrebbe concatenare stringhe",
                    "invocations": 1,
                    "location": null,
                    "numPassingAsserts": 1,
                    "retryReasons": [],
                    "status": "passed",
                    "title": "dovrebbe concatenare stringhe"
                },
                {
                    "ancestorTitles": [
                        "Test Frontend di Base"
                    ],
                    "duration": 1,
                    "failureDetails": [],
                    "failureMessages": [],
                    "fullName": "Test Frontend di Base dovrebbe eseguire semplici operazioni matematiche",
                    "invocations": 1,
                    "location": null,
                    "numPassingAsserts": 4,
                    "retryReasons": [],
                    "status": "passed",
                    "title": "dovrebbe eseguire semplici operazioni matematiche"
                },
                {
                    "ancestorTitles": [
                        "Test Frontend di Base"
                    ],
                    "duration": 1,
                    "failureDetails": [],
                    "failureMessages": [],
                    "fullName": "Test Frontend di Base dovrebbe manipolare array",
                    "invocations": 1,
                    "location": null,
                    "numPassingAsserts": 4,
                    "retryReasons": [],
                    "status": "passed",
                    "title": "dovrebbe manipolare array"
                },
                {
                    "ancestorTitles": [
                        "Test Frontend di Base"
                    ],
                    "duration": 0,
                    "failureDetails": [],
                    "failureMessages": [],
                    "fullName": "Test Frontend di Base dovrebbe manipolare oggetti",
                    "invocations": 1,
                    "location": null,
                    "numPassingAsserts": 3,
                    "retryReasons": [],
                    "status": "passed",
                    "title": "dovrebbe manipolare oggetti"
                }
            ],
            "endTime": 1748469769227,
            "message": "",
            "name": "D:\\File\\Scuola\\Universita\\Terzo Anno\\Tecnologie Innovative per lo sviluppo Web\\ecommerce\\Test\\Frontend\\tests\\example.test.js",
            "startTime": 1748469767835,
            "status": "passed",
            "summary": ""
        },
        {
            "assertionResults": [
                {
                    "ancestorTitles": [
                        "App"
                    ],
                    "duration": 11,
                    "failureDetails": [],
                    "failureMessages": [],
                    "fullName": "App dovrebbe inizializzare il router e i componenti quando viene caricato il DOM",
                    "invocations": 1,
                    "location": null,
                    "numPassingAsserts": 3,
                    "retryReasons": [],
                    "status": "passed",
                    "title": "dovrebbe inizializzare il router e i componenti quando viene caricato il DOM"
                },
                {
                    "ancestorTitles": [
                        "App"
                    ],
                    "duration": 2,
                    "failureDetails": [],
                    "failureMessages": [],
                    "fullName": "App dovrebbe controllare lo stato di autenticazione e aggiornare il profilo",
                    "invocations": 1,
                    "location": null,
                    "numPassingAsserts": 2,
                    "retryReasons": [],
                    "status": "passed",
                    "title": "dovrebbe controllare lo stato di autenticazione e aggiornare il profilo"
                },
                {
                    "ancestorTitles": [
                        "App"
                    ],
                    "duration": 22,
                    "failureDetails": [],
                    "failureMessages": [],
                    "fullName": "App dovrebbe gestire errori di autenticazione",
                    "invocations": 1,
                    "location": null,
                    "numPassingAsserts": 2,
                    "retryReasons": [],
                    "status": "passed",
                    "title": "dovrebbe gestire errori di autenticazione"
                },
                {
                    "ancestorTitles": [
                        "App"
                    ],
                    "duration": 2,
                    "failureDetails": [],
                    "failureMessages": [],
                    "fullName": "App dovrebbe registrare il listener per auth:change",
                    "invocations": 1,
                    "location": null,
                    "numPassingAsserts": 2,
                    "retryReasons": [],
                    "status": "passed",
                    "title": "dovrebbe registrare il listener per auth:change"
                }
            ],
            "endTime": 1748469769231,
            "message": "",
            "name": "D:\\File\\Scuola\\Universita\\Terzo Anno\\Tecnologie Innovative per lo sviluppo Web\\ecommerce\\Test\\Frontend\\tests\\app.test.js",
            "startTime": 1748469767753,
            "status": "passed",
            "summary": ""
        },
        {
            "assertionResults": [
                {
                    "ancestorTitles": [
                        "Router",
                        "navigate"
                    ],
                    "duration": 23,
                    "failureDetails": [],
                    "failureMessages": [],
                    "fullName": "Router navigate dovrebbe navigare correttamente a una rotta pubblica",
                    "invocations": 1,
                    "location": null,
                    "numPassingAsserts": 5,
                    "retryReasons": [],
                    "status": "passed",
                    "title": "dovrebbe navigare correttamente a una rotta pubblica"
                },
                {
                    "ancestorTitles": [
                        "Router",
                        "navigate"
                    ],
                    "duration": 6,
                    "failureDetails": [],
                    "failureMessages": [],
                    "fullName": "Router navigate dovrebbe navigare correttamente a una rotta dinamica",
                    "invocations": 1,
                    "location": null,
                    "numPassingAsserts": 2,
                    "retryReasons": [],
                    "status": "passed",
                    "title": "dovrebbe navigare correttamente a una rotta dinamica"
                },
                {
                    "ancestorTitles": [
                        "Router",
                        "navigate"
                    ],
                    "duration": 5,
                    "failureDetails": [],
                    "failureMessages": [],
                    "fullName": "Router navigate dovrebbe reindirizzare al login se l'utente non è autenticato per una rotta protetta",
                    "invocations": 1,
                    "location": null,
                    "numPassingAsserts": 2,
                    "retryReasons": [],
                    "status": "passed",
                    "title": "dovrebbe reindirizzare al login se l'utente non è autenticato per una rotta protetta"
                },
                {
                    "ancestorTitles": [
                        "Router",
                        "navigate"
                    ],
                    "duration": 2,
                    "failureDetails": [],
                    "failureMessages": [],
                    "fullName": "Router navigate dovrebbe permettere l'accesso a una rotta protetta se l'utente è autenticato",
                    "invocations": 1,
                    "location": null,
                    "numPassingAsserts": 2,
                    "retryReasons": [],
                    "status": "passed",
                    "title": "dovrebbe permettere l'accesso a una rotta protetta se l'utente è autenticato"
                },
                {
                    "ancestorTitles": [
                        "Router",
                        "navigate"
                    ],
                    "duration": 2,
                    "failureDetails": [],
                    "failureMessages": [],
                    "fullName": "Router navigate dovrebbe reindirizzare alla home se l'utente non ha il ruolo richiesto",
                    "invocations": 1,
                    "location": null,
                    "numPassingAsserts": 2,
                    "retryReasons": [],
                    "status": "passed",
                    "title": "dovrebbe reindirizzare alla home se l'utente non ha il ruolo richiesto"
                },
                {
                    "ancestorTitles": [
                        "Router",
                        "navigate"
                    ],
                    "duration": 1,
                    "failureDetails": [],
                    "failureMessages": [],
                    "fullName": "Router navigate dovrebbe gestire errori durante la navigazione",
                    "invocations": 1,
                    "location": null,
                    "numPassingAsserts": 2,
                    "retryReasons": [],
                    "status": "passed",
                    "title": "dovrebbe gestire errori durante la navigazione"
                },
                {
                    "ancestorTitles": [
                        "Router",
                        "navigate"
                    ],
                    "duration": 1,
                    "failureDetails": [],
                    "failureMessages": [],
                    "fullName": "Router navigate dovrebbe navigare alla rotta 404 se la rotta non esiste",
                    "invocations": 1,
                    "location": null,
                    "numPassingAsserts": 2,
                    "retryReasons": [],
                    "status": "passed",
                    "title": "dovrebbe navigare alla rotta 404 se la rotta non esiste"
                },
                {
                    "ancestorTitles": [
                        "Router",
                        "navigateToDashboard"
                    ],
                    "duration": 2,
                    "failureDetails": [],
                    "failureMessages": [],
                    "fullName": "Router navigateToDashboard dovrebbe reindirizzare alla dashboard admin per un utente admin",
                    "invocations": 1,
                    "location": null,
                    "numPassingAsserts": 1,
                    "retryReasons": [],
                    "status": "passed",
                    "title": "dovrebbe reindirizzare alla dashboard admin per un utente admin"
                },
                {
                    "ancestorTitles": [
                        "Router",
                        "navigateToDashboard"
                    ],
                    "duration": 1,
                    "failureDetails": [],
                    "failureMessages": [],
                    "fullName": "Router navigateToDashboard dovrebbe reindirizzare alla dashboard artigiano per un utente artigiano",
                    "invocations": 1,
                    "location": null,
                    "numPassingAsserts": 1,
                    "retryReasons": [],
                    "status": "passed",
                    "title": "dovrebbe reindirizzare alla dashboard artigiano per un utente artigiano"
                },
                {
                    "ancestorTitles": [
                        "Router",
                        "navigateToDashboard"
                    ],
                    "duration": 2,
                    "failureDetails": [],
                    "failureMessages": [],
                    "fullName": "Router navigateToDashboard dovrebbe reindirizzare alla home per un utente client",
                    "invocations": 1,
                    "location": null,
                    "numPassingAsserts": 1,
                    "retryReasons": [],
                    "status": "passed",
                    "title": "dovrebbe reindirizzare alla home per un utente client"
                },
                {
                    "ancestorTitles": [
                        "Router",
                        "navigateToDashboard"
                    ],
                    "duration": 1,
                    "failureDetails": [],
                    "failureMessages": [],
                    "fullName": "Router navigateToDashboard dovrebbe reindirizzare alla home se l'utente non è loggato",
                    "invocations": 1,
                    "location": null,
                    "numPassingAsserts": 1,
                    "retryReasons": [],
                    "status": "passed",
                    "title": "dovrebbe reindirizzare alla home se l'utente non è loggato"
                }
            ],
            "endTime": 1748469769273,
            "message": "",
            "name": "D:\\File\\Scuola\\Universita\\Terzo Anno\\Tecnologie Innovative per lo sviluppo Web\\ecommerce\\Test\\Frontend\\tests\\router.test.js",
            "startTime": 1748469767846,
            "status": "passed",
            "summary": ""
        }
    ],
    "wasInterrupted": false
}